<?xml version="1.0" encoding="UTF-8"?>
<testsuite name="com.epam.lab.TestGmail" tests="5" skipped="0" failures="0" errors="0" timestamp="2018-06-07T10:44:56" hostname="DESKTOP-KOGK8HA" time="85.524">
  <properties/>
  <testcase name="testGmail" classname="com.epam.lab.TestGmail" time="73.544"/>
  <testcase name="testGmail" classname="com.epam.lab.TestGmail" time="75.701"/>
  <testcase name="testGmail" classname="com.epam.lab.TestGmail" time="83.851"/>
  <testcase name="testGmail" classname="com.epam.lab.TestGmail" time="84.246"/>
  <testcase name="testGmail" classname="com.epam.lab.TestGmail" time="85.524"/>
  <system-out><![CDATA[2018-06-07 13:44:56 [TestNG-test=testGmail-4] INFO  com.epam.lab.TestGmail  - User [email= seleniumlab6test3@gmail.com , password= lab6test, send to= dahua20151@gmail.com , subject=Message 4 , message=Message Text 4]
 2018-06-07 13:44:56 [TestNG-test=testGmail-2] INFO  com.epam.lab.TestGmail  - User [email= seleniolab@gmail.com , password= lab6test, send to= dahua20151@gmail.com , subject=Message 3 , message=Message Text 3]
 2018-06-07 13:44:56 [TestNG-test=testGmail-5] INFO  com.epam.lab.TestGmail  - User [email= seleniumlab6test2@gmail.com , password= lab6test, send to= dahua20151@gmail.com , subject=Message 5 , message=Message Text 5]
 2018-06-07 13:44:56 [TestNG-test=testGmail-3] INFO  com.epam.lab.TestGmail  - User [email= seleniumlab6test@gmail.com , password= lab6test, send to= dahua20151@gmail.com , subject=Message 1 , message=Message Text 1]
 2018-06-07 13:44:56 [TestNG-test=testGmail-1] INFO  com.epam.lab.TestGmail  - User [email= dahua20151@gmail.com , password= qweqweqwe1, send to= dahua20151@gmail.com , subject=Message 2 , message=Message Text 2]
 2018-06-07 13:45:00 [TestNG-test=testGmail-3] INFO  com.epam.lab.TestGmail  - Initialize properties and go to website
 2018-06-07 13:45:00 [TestNG-test=testGmail-3] INFO  com.epam.lab.TestGmail  - Running tests
 2018-06-07 13:45:00 [TestNG-test=testGmail-3] INFO  com.epam.lab.TestGmail  - Test sign in to Gmail
 2018-06-07 13:45:00 [TestNG-test=testGmail-2] INFO  com.epam.lab.TestGmail  - Initialize properties and go to website
 2018-06-07 13:45:00 [TestNG-test=testGmail-2] INFO  com.epam.lab.TestGmail  - Running tests
 2018-06-07 13:45:00 [TestNG-test=testGmail-2] INFO  com.epam.lab.TestGmail  - Test sign in to Gmail
 2018-06-07 13:45:00 [TestNG-test=testGmail-4] INFO  com.epam.lab.TestGmail  - Initialize properties and go to website
 2018-06-07 13:45:00 [TestNG-test=testGmail-4] INFO  com.epam.lab.TestGmail  - Running tests
 2018-06-07 13:45:00 [TestNG-test=testGmail-4] INFO  com.epam.lab.TestGmail  - Test sign in to Gmail
 2018-06-07 13:45:00 [TestNG-test=testGmail-5] INFO  com.epam.lab.TestGmail  - Initialize properties and go to website
 2018-06-07 13:45:00 [TestNG-test=testGmail-5] INFO  com.epam.lab.TestGmail  - Running tests
 2018-06-07 13:45:00 [TestNG-test=testGmail-5] INFO  com.epam.lab.TestGmail  - Test sign in to Gmail
 2018-06-07 13:45:00 [TestNG-test=testGmail-1] INFO  com.epam.lab.TestGmail  - Initialize properties and go to website
 2018-06-07 13:45:00 [TestNG-test=testGmail-1] INFO  com.epam.lab.TestGmail  - Running tests
 2018-06-07 13:45:00 [TestNG-test=testGmail-1] INFO  com.epam.lab.TestGmail  - Test sign in to Gmail
 2018-06-07 13:45:11 [TestNG-test=testGmail-1] INFO  com.epam.lab.decorator.PageElement  - Click on [Button 'Sign in']
 2018-06-07 13:45:18 [TestNG-test=testGmail-4] INFO  com.epam.lab.decorator.PageElement  - Click on [Button 'Sign in']
 2018-06-07 13:45:21 [TestNG-test=testGmail-1] INFO  com.epam.lab.decorator.PageElement  - Sending keys to [Typing email] value [[dahua20151@gmail.com]]
 2018-06-07 13:45:21 [TestNG-test=testGmail-3] INFO  com.epam.lab.decorator.PageElement  - Click on [Button 'Sign in']
 2018-06-07 13:45:21 [TestNG-test=testGmail-4] INFO  com.epam.lab.decorator.PageElement  - Sending keys to [Typing email] value [[seleniumlab6test3@gmail.com]]
 2018-06-07 13:45:22 [TestNG-test=testGmail-4] INFO  com.epam.lab.decorator.PageElement  - Click on ['Next' after email]
 2018-06-07 13:45:22 [TestNG-test=testGmail-4] INFO  com.epam.lab.decorator.PageElement  - Checking if element is displayed [Typing password]
 2018-06-07 13:45:22 [TestNG-test=testGmail-4] INFO  com.epam.lab.decorator.PageElement  - Checking if element is displayed [Typing password]
 2018-06-07 13:45:23 [TestNG-test=testGmail-4] INFO  com.epam.lab.decorator.PageElement  - Checking if element is displayed [Typing password]
 2018-06-07 13:45:25 [TestNG-test=testGmail-4] INFO  com.epam.lab.decorator.PageElement  - Checking if element is displayed [Typing password]
 2018-06-07 13:45:25 [TestNG-test=testGmail-5] INFO  com.epam.lab.decorator.PageElement  - Click on [Button 'Sign in']
 2018-06-07 13:45:26 [TestNG-test=testGmail-4] INFO  com.epam.lab.decorator.PageElement  - Checking if element is displayed [Typing password]
 2018-06-07 13:45:26 [TestNG-test=testGmail-4] INFO  com.epam.lab.decorator.PageElement  - Checking if element is displayed [Typing password]
 2018-06-07 13:45:27 [TestNG-test=testGmail-1] INFO  com.epam.lab.decorator.PageElement  - Click on ['Next' after email]
 2018-06-07 13:45:27 [TestNG-test=testGmail-2] INFO  com.epam.lab.decorator.PageElement  - Click on [Button 'Sign in']
 2018-06-07 13:45:27 [TestNG-test=testGmail-1] INFO  com.epam.lab.decorator.PageElement  - Checking if element is displayed [Typing password]
 2018-06-07 13:45:27 [TestNG-test=testGmail-3] INFO  com.epam.lab.decorator.PageElement  - Sending keys to [Typing email] value [[seleniumlab6test@gmail.com]]
 2018-06-07 13:45:27 [TestNG-test=testGmail-1] INFO  com.epam.lab.decorator.PageElement  - Checking if element is displayed [Typing password]
 2018-06-07 13:45:28 [TestNG-test=testGmail-1] INFO  com.epam.lab.decorator.PageElement  - Checking if element is displayed [Typing password]
 2018-06-07 13:45:28 [TestNG-test=testGmail-4] INFO  com.epam.lab.decorator.PageElement  - Checking if element is displayed [Typing password]
 2018-06-07 13:45:29 [TestNG-test=testGmail-1] INFO  com.epam.lab.decorator.PageElement  - Checking if element is displayed [Typing password]
 2018-06-07 13:45:29 [TestNG-test=testGmail-4] INFO  com.epam.lab.decorator.PageElement  - Checking if element is displayed [Typing password]
 2018-06-07 13:45:29 [TestNG-test=testGmail-1] INFO  com.epam.lab.decorator.PageElement  - Sending keys to [Typing password] value [[qweqweqwe1]]
 2018-06-07 13:45:29 [TestNG-test=testGmail-1] INFO  com.epam.lab.decorator.PageElement  - Click on ['Next' after password]
 2018-06-07 13:45:29 [TestNG-test=testGmail-1] INFO  com.epam.lab.decorator.PageElement  - Checking if element is displayed [Button 'Compose']
 2018-06-07 13:45:29 [TestNG-test=testGmail-4] INFO  com.epam.lab.decorator.PageElement  - Checking if element is displayed [Typing password]
 2018-06-07 13:45:30 [TestNG-test=testGmail-1] INFO  com.epam.lab.decorator.PageElement  - Checking if element is displayed [Button 'Compose']
 2018-06-07 13:45:30 [TestNG-test=testGmail-4] INFO  com.epam.lab.decorator.PageElement  - Checking if element is displayed [Typing password]
 2018-06-07 13:45:30 [TestNG-test=testGmail-4] INFO  com.epam.lab.decorator.PageElement  - Sending keys to [Typing password] value [[lab6test]]
 2018-06-07 13:45:30 [TestNG-test=testGmail-4] INFO  com.epam.lab.decorator.PageElement  - Click on ['Next' after password]
 2018-06-07 13:45:30 [TestNG-test=testGmail-4] INFO  com.epam.lab.decorator.PageElement  - Checking if element is displayed [Button 'Compose']
 2018-06-07 13:45:31 [TestNG-test=testGmail-4] INFO  com.epam.lab.decorator.PageElement  - Checking if element is displayed [Button 'Compose']
 2018-06-07 13:45:33 [TestNG-test=testGmail-5] INFO  com.epam.lab.decorator.PageElement  - Sending keys to [Typing email] value [[seleniumlab6test2@gmail.com]]
 2018-06-07 13:45:33 [TestNG-test=testGmail-3] INFO  com.epam.lab.decorator.PageElement  - Click on ['Next' after email]
 2018-06-07 13:45:33 [TestNG-test=testGmail-2] INFO  com.epam.lab.decorator.PageElement  - Sending keys to [Typing email] value [[seleniolab@gmail.com]]
 2018-06-07 13:45:33 [TestNG-test=testGmail-3] INFO  com.epam.lab.decorator.PageElement  - Checking if element is displayed [Typing password]
 2018-06-07 13:45:33 [TestNG-test=testGmail-5] INFO  com.epam.lab.decorator.PageElement  - Click on ['Next' after email]
 2018-06-07 13:45:34 [TestNG-test=testGmail-2] INFO  com.epam.lab.decorator.PageElement  - Click on ['Next' after email]
 2018-06-07 13:45:34 [TestNG-test=testGmail-3] INFO  com.epam.lab.decorator.PageElement  - Checking if element is displayed [Typing password]
 2018-06-07 13:45:34 [TestNG-test=testGmail-2] INFO  com.epam.lab.decorator.PageElement  - Checking if element is displayed [Typing password]
 2018-06-07 13:45:34 [TestNG-test=testGmail-5] INFO  com.epam.lab.decorator.PageElement  - Checking if element is displayed [Typing password]
 2018-06-07 13:45:34 [TestNG-test=testGmail-3] INFO  com.epam.lab.decorator.PageElement  - Checking if element is displayed [Typing password]
 2018-06-07 13:45:34 [TestNG-test=testGmail-2] INFO  com.epam.lab.decorator.PageElement  - Checking if element is displayed [Typing password]
 2018-06-07 13:45:34 [TestNG-test=testGmail-5] INFO  com.epam.lab.decorator.PageElement  - Checking if element is displayed [Typing password]
 2018-06-07 13:45:35 [TestNG-test=testGmail-3] INFO  com.epam.lab.decorator.PageElement  - Checking if element is displayed [Typing password]
 2018-06-07 13:45:35 [TestNG-test=testGmail-2] INFO  com.epam.lab.decorator.PageElement  - Checking if element is displayed [Typing password]
 2018-06-07 13:45:35 [TestNG-test=testGmail-3] INFO  com.epam.lab.decorator.PageElement  - Sending keys to [Typing password] value [[lab6test]]
 2018-06-07 13:45:35 [TestNG-test=testGmail-5] INFO  com.epam.lab.decorator.PageElement  - Checking if element is displayed [Typing password]
 2018-06-07 13:45:35 [TestNG-test=testGmail-5] INFO  com.epam.lab.decorator.PageElement  - Sending keys to [Typing password] value [[lab6test]]
 2018-06-07 13:45:35 [TestNG-test=testGmail-3] INFO  com.epam.lab.decorator.PageElement  - Click on ['Next' after password]
 2018-06-07 13:45:35 [TestNG-test=testGmail-2] INFO  com.epam.lab.decorator.PageElement  - Checking if element is displayed [Typing password]
 2018-06-07 13:45:35 [TestNG-test=testGmail-5] INFO  com.epam.lab.decorator.PageElement  - Click on ['Next' after password]
 2018-06-07 13:45:35 [TestNG-test=testGmail-3] INFO  com.epam.lab.decorator.PageElement  - Checking if element is displayed [Button 'Compose']
 2018-06-07 13:45:36 [TestNG-test=testGmail-5] INFO  com.epam.lab.decorator.PageElement  - Checking if element is displayed [Button 'Compose']
 2018-06-07 13:45:36 [TestNG-test=testGmail-2] INFO  com.epam.lab.decorator.PageElement  - Checking if element is displayed [Typing password]
 2018-06-07 13:45:36 [TestNG-test=testGmail-3] INFO  com.epam.lab.decorator.PageElement  - Checking if element is displayed [Button 'Compose']
 2018-06-07 13:45:36 [TestNG-test=testGmail-5] INFO  com.epam.lab.decorator.PageElement  - Checking if element is displayed [Button 'Compose']
 2018-06-07 13:45:37 [TestNG-test=testGmail-2] INFO  com.epam.lab.decorator.PageElement  - Checking if element is displayed [Typing password]
 2018-06-07 13:45:37 [TestNG-test=testGmail-2] INFO  com.epam.lab.decorator.PageElement  - Sending keys to [Typing password] value [[lab6test]]
 2018-06-07 13:45:37 [TestNG-test=testGmail-2] INFO  com.epam.lab.decorator.PageElement  - Click on ['Next' after password]
 2018-06-07 13:45:37 [TestNG-test=testGmail-2] INFO  com.epam.lab.decorator.PageElement  - Checking if element is displayed [Button 'Compose']
 2018-06-07 13:45:38 [TestNG-test=testGmail-2] INFO  com.epam.lab.decorator.PageElement  - Checking if element is displayed [Button 'Compose']
 2018-06-07 13:45:47 [TestNG-test=testGmail-3] INFO  com.epam.lab.decorator.PageElement  - Click on [Button 'Compose']
 2018-06-07 13:45:47 [TestNG-test=testGmail-3] INFO  com.epam.lab.decorator.PageElement  - Sending keys to [Input recipients] value [[dahua20151@gmail.com]]
 2018-06-07 13:45:58 [TestNG-test=testGmail-1] INFO  com.epam.lab.decorator.PageElement  - Click on [Button 'Compose']
 2018-06-07 13:45:58 [TestNG-test=testGmail-1] INFO  com.epam.lab.decorator.PageElement  - Sending keys to [Input recipients] value [[dahua20151@gmail.com]]
 2018-06-07 13:46:06 [TestNG-test=testGmail-1] INFO  com.epam.lab.decorator.PageElement  - Sending keys to [Input subject] value [[Message 2]]
 2018-06-07 13:46:06 [TestNG-test=testGmail-1] INFO  com.epam.lab.decorator.PageElement  - Sending keys to [Input message] value [[Message Text 2]]
 2018-06-07 13:46:07 [TestNG-test=testGmail-1] INFO  com.epam.lab.decorator.PageElement  - Click on [Button 'Send']
 2018-06-07 13:46:07 [TestNG-test=testGmail-1] INFO  com.epam.lab.decorator.PageElement  - Click on [Go to sent folder]
 2018-06-07 13:46:07 [TestNG-test=testGmail-1] INFO  com.epam.lab.decorator.PageElement  - Click on [Go to sent folder]
 2018-06-07 13:46:07 [TestNG-test=testGmail-1] INFO  com.epam.lab.decorator.PageElement  - Getting attribute [email]
 2018-06-07 13:46:08 [TestNG-test=testGmail-1] INFO  com.epam.lab.decorator.PageElement  - Checking if element is displayed [Checking item for remove]
 2018-06-07 13:46:09 [TestNG-test=testGmail-1] INFO  com.epam.lab.decorator.PageElement  - Checking if element is enabled [Checking item for remove]
 2018-06-07 13:46:09 [TestNG-test=testGmail-1] INFO  com.epam.lab.decorator.PageElement  - Checking if element is displayed [Checking item for remove]
 2018-06-07 13:46:09 [TestNG-test=testGmail-1] INFO  com.epam.lab.decorator.PageElement  - Click on [Checking item for remove]
 2018-06-07 13:46:09 [TestNG-test=testGmail-3] INFO  com.epam.lab.decorator.PageElement  - Sending keys to [Input subject] value [[Message 1]]
 2018-06-07 13:46:09 [TestNG-test=testGmail-1] INFO  com.epam.lab.decorator.PageElement  - Checking if element is displayed [Button 'Delete']
 2018-06-07 13:46:09 [TestNG-test=testGmail-1] INFO  com.epam.lab.decorator.PageElement  - Click on [Button 'Delete']
 2018-06-07 13:46:09 [TestNG-test=testGmail-3] INFO  com.epam.lab.decorator.PageElement  - Sending keys to [Input message] value [[Message Text 1]]
 2018-06-07 13:46:09 [TestNG-test=testGmail-1] INFO  com.epam.lab.decorator.PageElement  - Checking if element is displayed [Click 'Ok' in alert message]
 2018-06-07 13:46:10 [TestNG-test=testGmail-1] INFO  com.epam.lab.decorator.PageElement  - Click on [Click 'Ok' in alert message]
 ]]></system-out>
  <system-err><![CDATA[Starting ChromeDriver 2.38.552522 (437e6fbedfa8762dec75e2c5b3ddb86763dc9dcb) on port 22208
Only local connections are allowed.
Starting ChromeDriver 2.38.552522 (437e6fbedfa8762dec75e2c5b3ddb86763dc9dcb) on port 9548
Only local connections are allowed.
Starting ChromeDriver 2.38.552522 (437e6fbedfa8762dec75e2c5b3ddb86763dc9dcb) on port 22119
Only local connections are allowed.
Starting ChromeDriver 2.38.552522 (437e6fbedfa8762dec75e2c5b3ddb86763dc9dcb) on port 23841
Only local connections are allowed.
Starting ChromeDriver 2.38.552522 (437e6fbedfa8762dec75e2c5b3ddb86763dc9dcb) on port 27880
Only local connections are allowed.
черв. 07, 2018 1:45:00 PM org.openqa.selenium.remote.ProtocolHandshake createSession
INFO: Detected dialect: OSS
log4j:ERROR A "com.epam.lab.utils.CustomListener" object is not assignable to a "org.apache.log4j.Appender" variable.
log4j:ERROR The class "org.apache.log4j.Appender" was loaded by 
log4j:ERROR [sun.misc.Launcher$AppClassLoader@659e0bfd] whereas object of type 
log4j:ERROR "com.epam.lab.utils.CustomListener" was loaded by [sun.misc.Launcher$AppClassLoader@659e0bfd].
log4j:ERROR Could not instantiate appender named "reportng".
черв. 07, 2018 1:45:00 PM org.openqa.selenium.remote.ProtocolHandshake createSession
INFO: Detected dialect: OSS
log4j:ERROR A "com.epam.lab.utils.CustomListener" object is not assignable to a "org.apache.log4j.Appender" variable.
log4j:ERROR The class "org.apache.log4j.Appender" was loaded by 
log4j:ERROR [sun.misc.Launcher$AppClassLoader@659e0bfd] whereas object of type 
log4j:ERROR "com.epam.lab.utils.CustomListener" was loaded by [sun.misc.Launcher$AppClassLoader@659e0bfd].
log4j:ERROR Could not instantiate appender named "reportng".
черв. 07, 2018 1:45:00 PM org.openqa.selenium.remote.ProtocolHandshake createSession
INFO: Detected dialect: OSS
log4j:ERROR A "com.epam.lab.utils.CustomListener" object is not assignable to a "org.apache.log4j.Appender" variable.
log4j:ERROR The class "org.apache.log4j.Appender" was loaded by 
log4j:ERROR [sun.misc.Launcher$AppClassLoader@659e0bfd] whereas object of type 
log4j:ERROR "com.epam.lab.utils.CustomListener" was loaded by [sun.misc.Launcher$AppClassLoader@659e0bfd].
log4j:ERROR Could not instantiate appender named "reportng".
черв. 07, 2018 1:45:00 PM org.openqa.selenium.remote.ProtocolHandshake createSession
INFO: Detected dialect: OSS
log4j:ERROR A "com.epam.lab.utils.CustomListener" object is not assignable to a "org.apache.log4j.Appender" variable.
log4j:ERROR The class "org.apache.log4j.Appender" was loaded by 
log4j:ERROR [sun.misc.Launcher$AppClassLoader@659e0bfd] whereas object of type 
log4j:ERROR "com.epam.lab.utils.CustomListener" was loaded by [sun.misc.Launcher$AppClassLoader@659e0bfd].
log4j:ERROR Could not instantiate appender named "reportng".
черв. 07, 2018 1:45:00 PM org.openqa.selenium.remote.ProtocolHandshake createSession
INFO: Detected dialect: OSS
log4j:ERROR A "com.epam.lab.utils.CustomListener" object is not assignable to a "org.apache.log4j.Appender" variable.
log4j:ERROR The class "org.apache.log4j.Appender" was loaded by 
log4j:ERROR [sun.misc.Launcher$AppClassLoader@659e0bfd] whereas object of type 
log4j:ERROR "com.epam.lab.utils.CustomListener" was loaded by [sun.misc.Launcher$AppClassLoader@659e0bfd].
log4j:ERROR Could not instantiate appender named "reportng".
]]></system-err>
</testsuite>
