<?xml version="1.0" encoding="UTF-8"?>
<testsuite name="com.epam.lab.TestGit" tests="3" skipped="0" failures="0" errors="0" timestamp="2018-06-07T10:19:22" hostname="DESKTOP-KOGK8HA" time="19.579">
  <properties/>
  <testcase name="GitHubTest" classname="com.epam.lab.TestGit" time="19.48"/>
  <testcase name="GitHubTest" classname="com.epam.lab.TestGit" time="19.479"/>
  <testcase name="GitHubTest" classname="com.epam.lab.TestGit" time="19.578"/>
  <system-out><![CDATA[2018-06-07 13:19:22 [TestNG-test=testGIT-3] INFO  com.epam.lab.TestGit  - User [email= seleniumlab6test@gmail.com , password=lab6test]
 2018-06-07 13:19:22 [TestNG-test=testGIT-2] INFO  com.epam.lab.TestGit  - User [email= seleniumlab6test3@gmail.com , password=lab6test]
 2018-06-07 13:19:22 [TestNG-test=testGIT-1] INFO  com.epam.lab.TestGit  - User [email= seleniumlab6test2@gmail.com , password=lab6test]
 2018-06-07 13:19:29 [TestNG-test=testGIT-3] INFO  com.epam.lab.decorator.PageElement  - Checking if element is displayed [Input login in GitHub]
 2018-06-07 13:19:29 [TestNG-test=testGIT-3] INFO  com.epam.lab.decorator.PageElement  - Sending keys to [Input login in GitHub] value [[seleniumlab6test@gmail.com]]
 2018-06-07 13:19:30 [TestNG-test=testGIT-2] INFO  com.epam.lab.decorator.PageElement  - Checking if element is displayed [Input login in GitHub]
 2018-06-07 13:19:30 [TestNG-test=testGIT-3] INFO  com.epam.lab.decorator.PageElement  - Sending keys to [Input password in GitHub] value [[lab6test]]
 2018-06-07 13:19:30 [TestNG-test=testGIT-2] INFO  com.epam.lab.decorator.PageElement  - Sending keys to [Input login in GitHub] value [[seleniumlab6test3@gmail.com]]
 2018-06-07 13:19:30 [TestNG-test=testGIT-3] INFO  com.epam.lab.decorator.PageElement  - Checking if element is displayed [Button 'Commit']
 2018-06-07 13:19:30 [TestNG-test=testGIT-3] INFO  com.epam.lab.decorator.PageElement  - Click on [Button 'Commit']
 2018-06-07 13:19:30 [TestNG-test=testGIT-2] INFO  com.epam.lab.decorator.PageElement  - Sending keys to [Input password in GitHub] value [[lab6test]]
 2018-06-07 13:19:30 [TestNG-test=testGIT-1] INFO  com.epam.lab.decorator.PageElement  - Checking if element is displayed [Input login in GitHub]
 2018-06-07 13:19:30 [TestNG-test=testGIT-1] INFO  com.epam.lab.decorator.PageElement  - Sending keys to [Input login in GitHub] value [[seleniumlab6test2@gmail.com]]
 2018-06-07 13:19:30 [TestNG-test=testGIT-2] INFO  com.epam.lab.decorator.PageElement  - Checking if element is displayed [Button 'Commit']
 2018-06-07 13:19:30 [TestNG-test=testGIT-2] INFO  com.epam.lab.decorator.PageElement  - Click on [Button 'Commit']
 2018-06-07 13:19:30 [TestNG-test=testGIT-1] INFO  com.epam.lab.decorator.PageElement  - Sending keys to [Input password in GitHub] value [[lab6test]]
 2018-06-07 13:19:31 [TestNG-test=testGIT-1] INFO  com.epam.lab.decorator.PageElement  - Checking if element is displayed [Button 'Commit']
 2018-06-07 13:19:31 [TestNG-test=testGIT-1] INFO  com.epam.lab.decorator.PageElement  - Click on [Button 'Commit']
 2018-06-07 13:19:31 [TestNG-test=testGIT-3] INFO  com.epam.lab.decorator.PageElement  - Clear [Search text in search bar]
 2018-06-07 13:19:31 [TestNG-test=testGIT-3] INFO  com.epam.lab.decorator.PageElement  - Sending keys to [Search text in search bar] value [[selenium java]]
 2018-06-07 13:19:31 [TestNG-test=testGIT-3] INFO  com.epam.lab.decorator.PageElement  - Sending keys to [Search text in search bar] value [[?]]
 2018-06-07 13:19:31 [TestNG-test=testGIT-2] INFO  com.epam.lab.decorator.PageElement  - Clear [Search text in search bar]
 2018-06-07 13:19:32 [TestNG-test=testGIT-2] INFO  com.epam.lab.decorator.PageElement  - Sending keys to [Search text in search bar] value [[selenium java]]
 2018-06-07 13:19:32 [TestNG-test=testGIT-2] INFO  com.epam.lab.decorator.PageElement  - Sending keys to [Search text in search bar] value [[?]]
 2018-06-07 13:19:32 [TestNG-test=testGIT-1] INFO  com.epam.lab.decorator.PageElement  - Clear [Search text in search bar]
 2018-06-07 13:19:32 [TestNG-test=testGIT-1] INFO  com.epam.lab.decorator.PageElement  - Sending keys to [Search text in search bar] value [[selenium java]]
 2018-06-07 13:19:32 [TestNG-test=testGIT-1] INFO  com.epam.lab.decorator.PageElement  - Sending keys to [Search text in search bar] value [[?]]
 2018-06-07 13:19:33 [TestNG-test=testGIT-3] INFO  com.epam.lab.pageobjects.github.GitPage  - Total count are 3,678 repository results
 2018-06-07 13:19:33 [TestNG-test=testGIT-3] INFO  com.epam.lab.pageobjects.github.GitPage  - There are 10 repositories on the page.

 2018-06-07 13:19:33 [TestNG-test=testGIT-3] INFO  com.epam.lab.pageobjects.github.GitPage  - Name of repositories: 
 2018-06-07 13:19:33 [TestNG-test=testGIT-3] INFO  com.epam.lab.pageobjects.github.GitPage  - 	SeleniumHQ/selenium
 2018-06-07 13:19:33 [TestNG-test=testGIT-2] INFO  com.epam.lab.pageobjects.github.GitPage  - Total count are 3,678 repository results
 2018-06-07 13:19:33 [TestNG-test=testGIT-2] INFO  com.epam.lab.pageobjects.github.GitPage  - There are 10 repositories on the page.

 2018-06-07 13:19:33 [TestNG-test=testGIT-2] INFO  com.epam.lab.pageobjects.github.GitPage  - Name of repositories: 
 2018-06-07 13:19:33 [TestNG-test=testGIT-3] INFO  com.epam.lab.pageobjects.github.GitPage  - 	sebarmeli/Selenium2-Java-QuickStart-Archetype
 2018-06-07 13:19:34 [TestNG-test=testGIT-3] INFO  com.epam.lab.pageobjects.github.GitPage  - 	machzqcq/CucumberJVMExamples
 2018-06-07 13:19:34 [TestNG-test=testGIT-2] INFO  com.epam.lab.pageobjects.github.GitPage  - 	SeleniumHQ/selenium
 2018-06-07 13:19:34 [TestNG-test=testGIT-3] INFO  com.epam.lab.pageobjects.github.GitPage  - 	vmi/selenese-runner-java
 2018-06-07 13:19:34 [TestNG-test=testGIT-2] INFO  com.epam.lab.pageobjects.github.GitPage  - 	sebarmeli/Selenium2-Java-QuickStart-Archetype
 2018-06-07 13:19:34 [TestNG-test=testGIT-3] INFO  com.epam.lab.pageobjects.github.GitPage  - 	Ardesco/Selenium-Maven-Template
 2018-06-07 13:19:34 [TestNG-test=testGIT-2] INFO  com.epam.lab.pageobjects.github.GitPage  - 	machzqcq/CucumberJVMExamples
 2018-06-07 13:19:34 [TestNG-test=testGIT-3] INFO  com.epam.lab.pageobjects.github.GitPage  - 	MarkusBernhardt/robotframework-selenium2library-java
 2018-06-07 13:19:34 [TestNG-test=testGIT-2] INFO  com.epam.lab.pageobjects.github.GitPage  - 	vmi/selenese-runner-java
 2018-06-07 13:19:34 [TestNG-test=testGIT-3] INFO  com.epam.lab.pageobjects.github.GitPage  - 	sayems/java.webdriver
 2018-06-07 13:19:34 [TestNG-test=testGIT-2] INFO  com.epam.lab.pageobjects.github.GitPage  - 	Ardesco/Selenium-Maven-Template
 2018-06-07 13:19:34 [TestNG-test=testGIT-3] INFO  com.epam.lab.pageobjects.github.GitPage  - 	selenium-cucumber/selenium-cucumber-java
 2018-06-07 13:19:34 [TestNG-test=testGIT-2] INFO  com.epam.lab.pageobjects.github.GitPage  - 	MarkusBernhardt/robotframework-selenium2library-java
 2018-06-07 13:19:34 [TestNG-test=testGIT-3] INFO  com.epam.lab.pageobjects.github.GitPage  - 	saucelabs-sample-test-frameworks/Java-TestNG-Selenium
 2018-06-07 13:19:34 [TestNG-test=testGIT-2] INFO  com.epam.lab.pageobjects.github.GitPage  - 	sayems/java.webdriver
 2018-06-07 13:19:34 [TestNG-test=testGIT-3] INFO  com.epam.lab.pageobjects.github.GitPage  - 	executeautomation/SeleniumWithCucucumber
 2018-06-07 13:19:34 [TestNG-test=testGIT-2] INFO  com.epam.lab.pageobjects.github.GitPage  - 	selenium-cucumber/selenium-cucumber-java
 2018-06-07 13:19:34 [TestNG-test=testGIT-2] INFO  com.epam.lab.pageobjects.github.GitPage  - 	saucelabs-sample-test-frameworks/Java-TestNG-Selenium
 2018-06-07 13:19:34 [TestNG-test=testGIT-1] INFO  com.epam.lab.pageobjects.github.GitPage  - Total count are 3,678 repository results
 2018-06-07 13:19:34 [TestNG-test=testGIT-2] INFO  com.epam.lab.pageobjects.github.GitPage  - 	executeautomation/SeleniumWithCucucumber
 2018-06-07 13:19:34 [TestNG-test=testGIT-1] INFO  com.epam.lab.pageobjects.github.GitPage  - There are 10 repositories on the page.

 2018-06-07 13:19:34 [TestNG-test=testGIT-1] INFO  com.epam.lab.pageobjects.github.GitPage  - Name of repositories: 
 2018-06-07 13:19:34 [TestNG-test=testGIT-1] INFO  com.epam.lab.pageobjects.github.GitPage  - 	SeleniumHQ/selenium
 2018-06-07 13:19:34 [TestNG-test=testGIT-1] INFO  com.epam.lab.pageobjects.github.GitPage  - 	sebarmeli/Selenium2-Java-QuickStart-Archetype
 2018-06-07 13:19:34 [TestNG-test=testGIT-1] INFO  com.epam.lab.pageobjects.github.GitPage  - 	machzqcq/CucumberJVMExamples
 2018-06-07 13:19:34 [TestNG-test=testGIT-1] INFO  com.epam.lab.pageobjects.github.GitPage  - 	vmi/selenese-runner-java
 2018-06-07 13:19:34 [TestNG-test=testGIT-1] INFO  com.epam.lab.pageobjects.github.GitPage  - 	Ardesco/Selenium-Maven-Template
 2018-06-07 13:19:34 [TestNG-test=testGIT-1] INFO  com.epam.lab.pageobjects.github.GitPage  - 	MarkusBernhardt/robotframework-selenium2library-java
 2018-06-07 13:19:35 [TestNG-test=testGIT-1] INFO  com.epam.lab.pageobjects.github.GitPage  - 	sayems/java.webdriver
 2018-06-07 13:19:35 [TestNG-test=testGIT-1] INFO  com.epam.lab.pageobjects.github.GitPage  - 	selenium-cucumber/selenium-cucumber-java
 2018-06-07 13:19:35 [TestNG-test=testGIT-1] INFO  com.epam.lab.pageobjects.github.GitPage  - 	saucelabs-sample-test-frameworks/Java-TestNG-Selenium
 2018-06-07 13:19:35 [TestNG-test=testGIT-1] INFO  com.epam.lab.pageobjects.github.GitPage  - 	executeautomation/SeleniumWithCucucumber
 2018-06-07 13:19:36 [TestNG-test=testGIT-3] INFO  com.epam.lab.pageobjects.github.GitPage  - Tag [selenium] contain: selenium
 2018-06-07 13:19:36 [TestNG-test=testGIT-3] INFO  com.epam.lab.pageobjects.github.GitPage  - Tag [selenium] contain: selenium
 2018-06-07 13:19:36 [TestNG-test=testGIT-3] INFO  com.epam.lab.pageobjects.github.GitPage  - Tag [selenium] contain: selenium
 2018-06-07 13:19:36 [TestNG-test=testGIT-3] INFO  com.epam.lab.pageobjects.github.GitPage  - Tag [selenium] contain: selenium
 2018-06-07 13:19:36 [TestNG-test=testGIT-3] INFO  com.epam.lab.pageobjects.github.GitPage  - Tag [selenium] contain: selenium
 2018-06-07 13:19:36 [TestNG-test=testGIT-2] INFO  com.epam.lab.pageobjects.github.GitPage  - Tag [selenium] contain: selenium
 2018-06-07 13:19:36 [TestNG-test=testGIT-2] INFO  com.epam.lab.pageobjects.github.GitPage  - Tag [selenium] contain: selenium
 2018-06-07 13:19:36 [TestNG-test=testGIT-2] INFO  com.epam.lab.pageobjects.github.GitPage  - Tag [selenium] contain: selenium
 2018-06-07 13:19:36 [TestNG-test=testGIT-2] INFO  com.epam.lab.pageobjects.github.GitPage  - Tag [selenium] contain: selenium
 2018-06-07 13:19:36 [TestNG-test=testGIT-2] INFO  com.epam.lab.pageobjects.github.GitPage  - Tag [selenium] contain: selenium
 2018-06-07 13:19:36 [TestNG-test=testGIT-3] INFO  com.epam.lab.pageobjects.github.GitPage  - Not all tags contain 'selenium'. 5 from 10
 2018-06-07 13:19:36 [TestNG-test=testGIT-3] INFO  com.epam.lab.decorator.PageElement  - Click on [Select button]
 2018-06-07 13:19:37 [TestNG-test=testGIT-1] INFO  com.epam.lab.pageobjects.github.GitPage  - Tag [selenium] contain: selenium
 2018-06-07 13:19:37 [TestNG-test=testGIT-1] INFO  com.epam.lab.pageobjects.github.GitPage  - Tag [selenium] contain: selenium
 2018-06-07 13:19:37 [TestNG-test=testGIT-1] INFO  com.epam.lab.pageobjects.github.GitPage  - Tag [selenium] contain: selenium
 2018-06-07 13:19:37 [TestNG-test=testGIT-3] INFO  com.epam.lab.decorator.PageElement  - Click on [Change item to 'Fewest starts']
 2018-06-07 13:19:37 [TestNG-test=testGIT-1] INFO  com.epam.lab.pageobjects.github.GitPage  - Tag [selenium] contain: selenium
 2018-06-07 13:19:37 [TestNG-test=testGIT-1] INFO  com.epam.lab.pageobjects.github.GitPage  - Tag [selenium] contain: selenium
 2018-06-07 13:19:37 [TestNG-test=testGIT-2] INFO  com.epam.lab.pageobjects.github.GitPage  - Not all tags contain 'selenium'. 5 from 10
 2018-06-07 13:19:37 [TestNG-test=testGIT-2] INFO  com.epam.lab.decorator.PageElement  - Click on [Select button]
 2018-06-07 13:19:37 [TestNG-test=testGIT-2] INFO  com.epam.lab.decorator.PageElement  - Click on [Change item to 'Fewest starts']
 2018-06-07 13:19:37 [TestNG-test=testGIT-1] INFO  com.epam.lab.pageobjects.github.GitPage  - Not all tags contain 'selenium'. 5 from 10
 2018-06-07 13:19:37 [TestNG-test=testGIT-1] INFO  com.epam.lab.decorator.PageElement  - Click on [Select button]
 2018-06-07 13:19:37 [TestNG-test=testGIT-1] INFO  com.epam.lab.decorator.PageElement  - Click on [Change item to 'Fewest starts']
 2018-06-07 13:19:38 [TestNG-test=testGIT-3] INFO  com.epam.lab.pageobjects.github.GitPage  - There are 10 repositories on the page.

 2018-06-07 13:19:38 [TestNG-test=testGIT-3] INFO  com.epam.lab.pageobjects.github.GitPage  - Name of repositories: 
 2018-06-07 13:19:38 [TestNG-test=testGIT-2] INFO  com.epam.lab.pageobjects.github.GitPage  - There are 10 repositories on the page.

 2018-06-07 13:19:38 [TestNG-test=testGIT-2] INFO  com.epam.lab.pageobjects.github.GitPage  - Name of repositories: 
 2018-06-07 13:19:38 [TestNG-test=testGIT-3] INFO  com.epam.lab.pageobjects.github.GitPage  - 	arnlaugsson/sparkIt
 2018-06-07 13:19:38 [TestNG-test=testGIT-2] INFO  com.epam.lab.pageobjects.github.GitPage  - 	arnlaugsson/sparkIt
 2018-06-07 13:19:38 [TestNG-test=testGIT-3] INFO  com.epam.lab.pageobjects.github.GitPage  - 	vamonostest/java_essentials
 2018-06-07 13:19:38 [TestNG-test=testGIT-2] INFO  com.epam.lab.pageobjects.github.GitPage  - 	vamonostest/java_essentials
 2018-06-07 13:19:38 [TestNG-test=testGIT-3] INFO  com.epam.lab.pageobjects.github.GitPage  - 	jomarnavarro/junitWebDriver
 2018-06-07 13:19:38 [TestNG-test=testGIT-2] INFO  com.epam.lab.pageobjects.github.GitPage  - 	jomarnavarro/junitWebDriver
 2018-06-07 13:19:38 [TestNG-test=testGIT-3] INFO  com.epam.lab.pageobjects.github.GitPage  - 	AnalyzeAppPerformance/java-selenium-webdriver-sample-app
 2018-06-07 13:19:38 [TestNG-test=testGIT-2] INFO  com.epam.lab.pageobjects.github.GitPage  - 	AnalyzeAppPerformance/java-selenium-webdriver-sample-app
 2018-06-07 13:19:38 [TestNG-test=testGIT-3] INFO  com.epam.lab.pageobjects.github.GitPage  - 	crossbrowsertesting/selenium-java
 2018-06-07 13:19:38 [TestNG-test=testGIT-2] INFO  com.epam.lab.pageobjects.github.GitPage  - 	crossbrowsertesting/selenium-java
 2018-06-07 13:19:38 [TestNG-test=testGIT-3] INFO  com.epam.lab.pageobjects.github.GitPage  - 	w3cj/nightwatch-starter
 2018-06-07 13:19:38 [TestNG-test=testGIT-2] INFO  com.epam.lab.pageobjects.github.GitPage  - 	w3cj/nightwatch-starter
 2018-06-07 13:19:39 [TestNG-test=testGIT-3] INFO  com.epam.lab.pageobjects.github.GitPage  - 	kowalcj0/tech-test-selenium-jbehave
 2018-06-07 13:19:39 [TestNG-test=testGIT-2] INFO  com.epam.lab.pageobjects.github.GitPage  - 	kowalcj0/tech-test-selenium-jbehave
 2018-06-07 13:19:39 [TestNG-test=testGIT-3] INFO  com.epam.lab.pageobjects.github.GitPage  - 	pragmatictesters/selenium-webdriver-testng-java-examples
 2018-06-07 13:19:39 [TestNG-test=testGIT-2] INFO  com.epam.lab.pageobjects.github.GitPage  - 	pragmatictesters/selenium-webdriver-testng-java-examples
 2018-06-07 13:19:39 [TestNG-test=testGIT-3] INFO  com.epam.lab.pageobjects.github.GitPage  - 	GoldenRazor/SeleniumJavaDemo
 2018-06-07 13:19:39 [TestNG-test=testGIT-2] INFO  com.epam.lab.pageobjects.github.GitPage  - 	GoldenRazor/SeleniumJavaDemo
 2018-06-07 13:19:39 [TestNG-test=testGIT-1] INFO  com.epam.lab.pageobjects.github.GitPage  - There are 10 repositories on the page.

 2018-06-07 13:19:39 [TestNG-test=testGIT-1] INFO  com.epam.lab.pageobjects.github.GitPage  - Name of repositories: 
 2018-06-07 13:19:39 [TestNG-test=testGIT-3] INFO  com.epam.lab.pageobjects.github.GitPage  - 	himanshu5jan/jWarmUp4Selenium
 2018-06-07 13:19:39 [TestNG-test=testGIT-3] INFO  com.epam.lab.decorator.PageElement  - Clear [Search text in search bar]
 2018-06-07 13:19:39 [TestNG-test=testGIT-2] INFO  com.epam.lab.pageobjects.github.GitPage  - 	himanshu5jan/jWarmUp4Selenium
 2018-06-07 13:19:39 [TestNG-test=testGIT-2] INFO  com.epam.lab.decorator.PageElement  - Clear [Search text in search bar]
 2018-06-07 13:19:39 [TestNG-test=testGIT-1] INFO  com.epam.lab.pageobjects.github.GitPage  - 	arnlaugsson/sparkIt
 2018-06-07 13:19:39 [TestNG-test=testGIT-3] INFO  com.epam.lab.decorator.PageElement  - Sending keys to [Search text in search bar] value [[java]]
 2018-06-07 13:19:39 [TestNG-test=testGIT-1] INFO  com.epam.lab.pageobjects.github.GitPage  - 	vamonostest/java_essentials
 2018-06-07 13:19:39 [TestNG-test=testGIT-2] INFO  com.epam.lab.decorator.PageElement  - Sending keys to [Search text in search bar] value [[java]]
 2018-06-07 13:19:39 [TestNG-test=testGIT-1] INFO  com.epam.lab.pageobjects.github.GitPage  - 	jomarnavarro/junitWebDriver
 2018-06-07 13:19:39 [TestNG-test=testGIT-3] INFO  com.epam.lab.decorator.PageElement  - Sending keys to [Search text in search bar] value [[?]]
 2018-06-07 13:19:39 [TestNG-test=testGIT-1] INFO  com.epam.lab.pageobjects.github.GitPage  - 	AnalyzeAppPerformance/java-selenium-webdriver-sample-app
 2018-06-07 13:19:39 [TestNG-test=testGIT-1] INFO  com.epam.lab.pageobjects.github.GitPage  - 	crossbrowsertesting/selenium-java
 2018-06-07 13:19:39 [TestNG-test=testGIT-2] INFO  com.epam.lab.decorator.PageElement  - Sending keys to [Search text in search bar] value [[?]]
 2018-06-07 13:19:39 [TestNG-test=testGIT-1] INFO  com.epam.lab.pageobjects.github.GitPage  - 	w3cj/nightwatch-starter
 2018-06-07 13:19:39 [TestNG-test=testGIT-1] INFO  com.epam.lab.pageobjects.github.GitPage  - 	kowalcj0/tech-test-selenium-jbehave
 2018-06-07 13:19:39 [TestNG-test=testGIT-1] INFO  com.epam.lab.pageobjects.github.GitPage  - 	pragmatictesters/selenium-webdriver-testng-java-examples
 2018-06-07 13:19:39 [TestNG-test=testGIT-1] INFO  com.epam.lab.pageobjects.github.GitPage  - 	GoldenRazor/SeleniumJavaDemo
 2018-06-07 13:19:39 [TestNG-test=testGIT-1] INFO  com.epam.lab.pageobjects.github.GitPage  - 	himanshu5jan/jWarmUp4Selenium
 2018-06-07 13:19:39 [TestNG-test=testGIT-1] INFO  com.epam.lab.decorator.PageElement  - Clear [Search text in search bar]
 2018-06-07 13:19:39 [TestNG-test=testGIT-1] INFO  com.epam.lab.decorator.PageElement  - Sending keys to [Search text in search bar] value [[java]]
 2018-06-07 13:19:39 [TestNG-test=testGIT-1] INFO  com.epam.lab.decorator.PageElement  - Sending keys to [Search text in search bar] value [[?]]
 2018-06-07 13:19:41 [TestNG-test=testGIT-3] INFO  com.epam.lab.pageobjects.github.GitPage  - Total count are 796,537 repository results
 2018-06-07 13:19:41 [TestNG-test=testGIT-1] INFO  com.epam.lab.pageobjects.github.GitPage  - Total count are 796,537 repository results
 2018-06-07 13:19:41 [TestNG-test=testGIT-3] INFO  com.epam.lab.pageobjects.github.GitPage  - There are 10 repositories on the page.

 2018-06-07 13:19:41 [TestNG-test=testGIT-3] INFO  com.epam.lab.pageobjects.github.GitPage  - Name of repositories: 
 2018-06-07 13:19:41 [TestNG-test=testGIT-1] INFO  com.epam.lab.pageobjects.github.GitPage  - There are 10 repositories on the page.

 2018-06-07 13:19:41 [TestNG-test=testGIT-1] INFO  com.epam.lab.pageobjects.github.GitPage  - Name of repositories: 
 2018-06-07 13:19:41 [TestNG-test=testGIT-2] INFO  com.epam.lab.pageobjects.github.GitPage  - Total count are 796,537 repository results
 2018-06-07 13:19:41 [TestNG-test=testGIT-2] INFO  com.epam.lab.pageobjects.github.GitPage  - There are 10 repositories on the page.

 2018-06-07 13:19:41 [TestNG-test=testGIT-2] INFO  com.epam.lab.pageobjects.github.GitPage  - Name of repositories: 
 2018-06-07 13:19:41 [TestNG-test=testGIT-3] INFO  com.epam.lab.pageobjects.github.GitPage  - 	TheAlgorithms/Java
 2018-06-07 13:19:41 [TestNG-test=testGIT-1] INFO  com.epam.lab.pageobjects.github.GitPage  - 	TheAlgorithms/Java
 2018-06-07 13:19:41 [TestNG-test=testGIT-3] INFO  com.epam.lab.pageobjects.github.GitPage  - 	DuGuQiuBai/Java
 2018-06-07 13:19:41 [TestNG-test=testGIT-1] INFO  com.epam.lab.pageobjects.github.GitPage  - 	DuGuQiuBai/Java
 2018-06-07 13:19:41 [TestNG-test=testGIT-2] INFO  com.epam.lab.pageobjects.github.GitPage  - 	TheAlgorithms/Java
 2018-06-07 13:19:41 [TestNG-test=testGIT-3] INFO  com.epam.lab.pageobjects.github.GitPage  - 	hmkcode/Java
 2018-06-07 13:19:41 [TestNG-test=testGIT-1] INFO  com.epam.lab.pageobjects.github.GitPage  - 	hmkcode/Java
 2018-06-07 13:19:41 [TestNG-test=testGIT-2] INFO  com.epam.lab.pageobjects.github.GitPage  - 	DuGuQiuBai/Java
 2018-06-07 13:19:41 [TestNG-test=testGIT-1] INFO  com.epam.lab.pageobjects.github.GitPage  - 	pubnub/java
 2018-06-07 13:19:41 [TestNG-test=testGIT-3] INFO  com.epam.lab.pageobjects.github.GitPage  - 	pubnub/java
 2018-06-07 13:19:41 [TestNG-test=testGIT-2] INFO  com.epam.lab.pageobjects.github.GitPage  - 	hmkcode/Java
 2018-06-07 13:19:41 [TestNG-test=testGIT-1] INFO  com.epam.lab.pageobjects.github.GitPage  - 	sous-chefs/java
 2018-06-07 13:19:41 [TestNG-test=testGIT-3] INFO  com.epam.lab.pageobjects.github.GitPage  - 	sous-chefs/java
 2018-06-07 13:19:41 [TestNG-test=testGIT-2] INFO  com.epam.lab.pageobjects.github.GitPage  - 	pubnub/java
 2018-06-07 13:19:41 [TestNG-test=testGIT-3] INFO  com.epam.lab.pageobjects.github.GitPage  - 	airbnb/javascript
 2018-06-07 13:19:41 [TestNG-test=testGIT-1] INFO  com.epam.lab.pageobjects.github.GitPage  - 	airbnb/javascript
 2018-06-07 13:19:41 [TestNG-test=testGIT-2] INFO  com.epam.lab.pageobjects.github.GitPage  - 	sous-chefs/java
 2018-06-07 13:19:41 [TestNG-test=testGIT-3] INFO  com.epam.lab.pageobjects.github.GitPage  - 	dockerfile/java
 2018-06-07 13:19:41 [TestNG-test=testGIT-1] INFO  com.epam.lab.pageobjects.github.GitPage  - 	dockerfile/java
 2018-06-07 13:19:41 [TestNG-test=testGIT-2] INFO  com.epam.lab.pageobjects.github.GitPage  - 	airbnb/javascript
 2018-06-07 13:19:41 [TestNG-test=testGIT-3] INFO  com.epam.lab.pageobjects.github.GitPage  - 	json-iterator/java
 2018-06-07 13:19:41 [TestNG-test=testGIT-1] INFO  com.epam.lab.pageobjects.github.GitPage  - 	json-iterator/java
 2018-06-07 13:19:41 [TestNG-test=testGIT-2] INFO  com.epam.lab.pageobjects.github.GitPage  - 	dockerfile/java
 2018-06-07 13:19:41 [TestNG-test=testGIT-3] INFO  com.epam.lab.pageobjects.github.GitPage  - 	gaopu/Java
 2018-06-07 13:19:41 [TestNG-test=testGIT-1] INFO  com.epam.lab.pageobjects.github.GitPage  - 	gaopu/Java
 2018-06-07 13:19:41 [TestNG-test=testGIT-2] INFO  com.epam.lab.pageobjects.github.GitPage  - 	json-iterator/java
 2018-06-07 13:19:41 [TestNG-test=testGIT-3] INFO  com.epam.lab.pageobjects.github.GitPage  - 	wesbos/JavaScript30
 2018-06-07 13:19:41 [TestNG-test=testGIT-1] INFO  com.epam.lab.pageobjects.github.GitPage  - 	wesbos/JavaScript30
 ]]></system-out>
  <system-err><![CDATA[Starting ChromeDriver 2.38.552522 (437e6fbedfa8762dec75e2c5b3ddb86763dc9dcb) on port 6624
Only local connections are allowed.
Starting ChromeDriver 2.38.552522 (437e6fbedfa8762dec75e2c5b3ddb86763dc9dcb) on port 14672
Only local connections are allowed.
Starting ChromeDriver 2.38.552522 (437e6fbedfa8762dec75e2c5b3ddb86763dc9dcb) on port 6029
Only local connections are allowed.
черв. 07, 2018 1:19:25 PM org.openqa.selenium.remote.ProtocolHandshake createSession
INFO: Detected dialect: OSS
черв. 07, 2018 1:19:25 PM org.openqa.selenium.remote.ProtocolHandshake createSession
INFO: Detected dialect: OSS
черв. 07, 2018 1:19:25 PM org.openqa.selenium.remote.ProtocolHandshake createSession
INFO: Detected dialect: OSS
log4j:ERROR A "com.epam.lab.utils.CustomListener" object is not assignable to a "org.apache.log4j.Appender" variable.
log4j:ERROR The class "org.apache.log4j.Appender" was loaded by 
log4j:ERROR [sun.misc.Launcher$AppClassLoader@659e0bfd] whereas object of type 
log4j:ERROR "com.epam.lab.utils.CustomListener" was loaded by [sun.misc.Launcher$AppClassLoader@659e0bfd].
log4j:ERROR Could not instantiate appender named "reportng".
log4j:ERROR A "com.epam.lab.utils.CustomListener" object is not assignable to a "org.apache.log4j.Appender" variable.
log4j:ERROR The class "org.apache.log4j.Appender" was loaded by 
log4j:ERROR [sun.misc.Launcher$AppClassLoader@659e0bfd] whereas object of type 
log4j:ERROR "com.epam.lab.utils.CustomListener" was loaded by [sun.misc.Launcher$AppClassLoader@659e0bfd].
log4j:ERROR Could not instantiate appender named "reportng".
log4j:ERROR A "com.epam.lab.utils.CustomListener" object is not assignable to a "org.apache.log4j.Appender" variable.
log4j:ERROR The class "org.apache.log4j.Appender" was loaded by 
log4j:ERROR [sun.misc.Launcher$AppClassLoader@659e0bfd] whereas object of type 
log4j:ERROR "com.epam.lab.utils.CustomListener" was loaded by [sun.misc.Launcher$AppClassLoader@659e0bfd].
log4j:ERROR Could not instantiate appender named "reportng".
]]></system-err>
</testsuite>
